INFO 2023-11-18 14:08:08,845 autoreload 6538 8103665344 /Users/ruslanalbakov/Documents/Interview/myproject/idea/models.py changed, reloading.
INFO 2023-11-18 14:08:09,009 autoreload 6546 8103665344 Watching for file changes with StatReloader
INFO 2023-11-18 14:22:03,799 autoreload 6995 8103665344 Watching for file changes with StatReloader
INFO 2023-11-18 14:22:05,928 basehttp 6995 6137278464 "GET / HTTP/1.1" 200 15648
INFO 2023-11-18 14:22:30,602 basehttp 6995 6137278464 "GET / HTTP/1.1" 200 15648
INFO 2023-11-18 14:22:55,630 basehttp 6995 6137278464 "GET / HTTP/1.1" 200 30530
INFO 2023-11-18 14:23:26,075 autoreload 6995 8103665344 /Users/ruslanalbakov/Documents/Interview/myproject/idea/views.py changed, reloading.
INFO 2023-11-18 14:23:26,339 autoreload 7047 8103665344 Watching for file changes with StatReloader
INFO 2023-11-18 14:23:26,628 basehttp 7047 6166212608 "GET / HTTP/1.1" 200 30530
INFO 2023-11-18 14:23:28,011 basehttp 7047 6166212608 "GET / HTTP/1.1" 200 30530
INFO 2023-11-18 14:23:33,893 basehttp 7047 6166212608 "GET / HTTP/1.1" 200 30530
INFO 2023-11-18 14:23:59,671 basehttp 7047 6166212608 "GET / HTTP/1.1" 200 30530
INFO 2023-11-18 14:24:03,502 basehttp 7047 6166212608 "GET / HTTP/1.1" 200 15772
INFO 2023-11-18 14:24:10,440 basehttp 7047 6166212608 "POST / HTTP/1.1" 200 15842
INFO 2023-11-18 14:24:35,969 basehttp 7047 6166212608 "GET / HTTP/1.1" 200 15772
INFO 2023-11-18 14:24:38,456 basehttp 7047 6166212608 "POST / HTTP/1.1" 200 15842
INFO 2023-11-18 14:25:06,161 autoreload 7047 8103665344 /Users/ruslanalbakov/Documents/Interview/myproject/idea/views.py changed, reloading.
INFO 2023-11-18 14:25:06,306 autoreload 7081 8103665344 Watching for file changes with StatReloader
INFO 2023-11-18 14:25:26,689 autoreload 7081 8103665344 /Users/ruslanalbakov/Documents/Interview/myproject/idea/views.py changed, reloading.
INFO 2023-11-18 14:25:26,862 autoreload 7090 8103665344 Watching for file changes with StatReloader
INFO 2023-11-18 14:25:30,997 autoreload 7090 8103665344 /Users/ruslanalbakov/Documents/Interview/myproject/idea/views.py changed, reloading.
INFO 2023-11-18 14:25:31,149 autoreload 7096 8103665344 Watching for file changes with StatReloader
INFO 2023-11-18 14:25:32,271 autoreload 7096 8103665344 /Users/ruslanalbakov/Documents/Interview/myproject/idea/views.py changed, reloading.
INFO 2023-11-18 14:25:32,408 autoreload 7098 8103665344 Watching for file changes with StatReloader
INFO 2023-11-18 14:25:33,485 basehttp 7098 6159233024 "GET / HTTP/1.1" 200 15772
INFO 2023-11-18 14:25:54,276 basehttp 7098 6159233024 "POST / HTTP/1.1" 200 15842
INFO 2023-11-18 14:26:06,384 autoreload 7139 8103665344 Watching for file changes with StatReloader
INFO 2023-11-18 14:26:12,411 basehttp 7139 6190149632 "GET / HTTP/1.1" 200 15772
INFO 2023-11-18 14:28:32,482 basehttp 7139 6190149632 "POST / HTTP/1.1" 200 15842
INFO 2023-11-18 14:29:00,435 autoreload 7139 8103665344 /Users/ruslanalbakov/Documents/Interview/myproject/idea/views.py changed, reloading.
INFO 2023-11-18 14:29:00,664 autoreload 7168 8103665344 Watching for file changes with StatReloader
INFO 2023-11-18 14:29:05,160 basehttp 7168 6156283904 "GET / HTTP/1.1" 200 15772
ERROR 2023-11-18 14:29:07,467 log 7168 6156283904 Internal Server Error: /
Traceback (most recent call last):
  File "/Users/ruslanalbakov/Documents/Interview/venv/lib/python3.11/site-packages/django/core/handlers/exception.py", line 55, in inner
    response = get_response(request)
               ^^^^^^^^^^^^^^^^^^^^^
  File "/Users/ruslanalbakov/Documents/Interview/venv/lib/python3.11/site-packages/django/core/handlers/base.py", line 197, in _get_response
    response = wrapped_callback(request, *callback_args, **callback_kwargs)
               ^^^^^^^^^^^^^^^^^^^^^^^^^^^^^^^^^^^^^^^^^^^^^^^^^^^^^^^^^^^^
  File "/Users/ruslanalbakov/Documents/Interview/myproject/idea/views.py", line 17, in show_model_car
    render(request, 'idea/index.html', {'cars': cars})
                                                ^^^^
UnboundLocalError: cannot access local variable 'cars' where it is not associated with a value
ERROR 2023-11-18 14:29:07,468 basehttp 7168 6156283904 "POST / HTTP/1.1" 500 61976
INFO 2023-11-18 14:29:25,249 autoreload 7168 8103665344 /Users/ruslanalbakov/Documents/Interview/myproject/idea/views.py changed, reloading.
INFO 2023-11-18 14:29:25,404 autoreload 7181 8103665344 Watching for file changes with StatReloader
INFO 2023-11-18 14:29:30,550 autoreload 7181 8103665344 /Users/ruslanalbakov/Documents/Interview/myproject/idea/views.py changed, reloading.
INFO 2023-11-18 14:29:30,742 autoreload 7188 8103665344 Watching for file changes with StatReloader
INFO 2023-11-18 14:29:32,142 basehttp 7188 6135607296 "GET / HTTP/1.1" 200 15772
ERROR 2023-11-18 14:29:34,772 log 7188 6135607296 Internal Server Error: /
Traceback (most recent call last):
  File "/Users/ruslanalbakov/Documents/Interview/venv/lib/python3.11/site-packages/django/core/handlers/exception.py", line 55, in inner
    response = get_response(request)
               ^^^^^^^^^^^^^^^^^^^^^
  File "/Users/ruslanalbakov/Documents/Interview/venv/lib/python3.11/site-packages/django/core/handlers/base.py", line 197, in _get_response
    response = wrapped_callback(request, *callback_args, **callback_kwargs)
               ^^^^^^^^^^^^^^^^^^^^^^^^^^^^^^^^^^^^^^^^^^^^^^^^^^^^^^^^^^^^
  File "/Users/ruslanalbakov/Documents/Interview/myproject/idea/views.py", line 17, in show_model_car
    return render(request, 'idea/index.html', {'cars': cars})
                                                       ^^^^
UnboundLocalError: cannot access local variable 'cars' where it is not associated with a value
ERROR 2023-11-18 14:29:34,773 basehttp 7188 6135607296 "POST / HTTP/1.1" 500 61898
INFO 2023-11-18 14:30:05,570 autoreload 7188 8103665344 /Users/ruslanalbakov/Documents/Interview/myproject/idea/views.py changed, reloading.
INFO 2023-11-18 14:30:05,739 autoreload 7199 8103665344 Watching for file changes with StatReloader
INFO 2023-11-18 14:30:50,447 autoreload 7199 8103665344 /Users/ruslanalbakov/Documents/Interview/myproject/idea/views.py changed, reloading.
INFO 2023-11-18 14:30:50,605 autoreload 7233 8103665344 Watching for file changes with StatReloader
INFO 2023-11-18 14:30:54,850 basehttp 7233 6201356288 "GET / HTTP/1.1" 200 15772
ERROR 2023-11-18 14:30:57,385 log 7233 6201356288 Internal Server Error: /
Traceback (most recent call last):
  File "/Users/ruslanalbakov/Documents/Interview/venv/lib/python3.11/site-packages/django/core/handlers/exception.py", line 55, in inner
    response = get_response(request)
               ^^^^^^^^^^^^^^^^^^^^^
  File "/Users/ruslanalbakov/Documents/Interview/venv/lib/python3.11/site-packages/django/core/handlers/base.py", line 204, in _get_response
    self.check_response(response, callback)
  File "/Users/ruslanalbakov/Documents/Interview/venv/lib/python3.11/site-packages/django/core/handlers/base.py", line 332, in check_response
    raise ValueError(
ValueError: The view idea.views.show_model_car didn't return an HttpResponse object. It returned None instead.
ERROR 2023-11-18 14:30:57,386 basehttp 7233 6201356288 "POST / HTTP/1.1" 500 62719
INFO 2023-11-18 14:33:57,238 autoreload 7233 8103665344 /Users/ruslanalbakov/Documents/Interview/myproject/idea/views.py changed, reloading.
INFO 2023-11-18 14:33:57,477 autoreload 7262 8103665344 Watching for file changes with StatReloader
INFO 2023-11-18 14:34:04,690 autoreload 7262 8103665344 /Users/ruslanalbakov/Documents/Interview/myproject/idea/views.py changed, reloading.
INFO 2023-11-18 14:34:04,845 autoreload 7272 8103665344 Watching for file changes with StatReloader
INFO 2023-11-18 14:34:06,924 autoreload 7272 8103665344 /Users/ruslanalbakov/Documents/Interview/myproject/idea/views.py changed, reloading.
INFO 2023-11-18 14:34:07,087 autoreload 7276 8103665344 Watching for file changes with StatReloader
INFO 2023-11-18 14:34:13,263 autoreload 7276 8103665344 /Users/ruslanalbakov/Documents/Interview/myproject/idea/views.py changed, reloading.
INFO 2023-11-18 14:34:13,444 autoreload 7282 8103665344 Watching for file changes with StatReloader
INFO 2023-11-18 14:34:49,550 basehttp 7282 6166147072 "POST / HTTP/1.1" 200 15842
INFO 2023-11-18 14:34:54,280 basehttp 7282 6166147072 "GET / HTTP/1.1" 200 15772
INFO 2023-11-18 14:34:57,146 basehttp 7282 6166147072 "POST / HTTP/1.1" 200 15842
INFO 2023-11-18 14:35:17,628 autoreload 7282 8103665344 /Users/ruslanalbakov/Documents/Interview/myproject/idea/views.py changed, reloading.
INFO 2023-11-18 14:35:17,791 autoreload 7300 8103665344 Watching for file changes with StatReloader
INFO 2023-11-18 14:35:24,804 basehttp 7300 6170456064 "GET / HTTP/1.1" 200 15772
ERROR 2023-11-18 14:35:27,061 log 7300 6170456064 Internal Server Error: /
Traceback (most recent call last):
  File "/Users/ruslanalbakov/Documents/Interview/venv/lib/python3.11/site-packages/django/core/handlers/exception.py", line 55, in inner
    response = get_response(request)
               ^^^^^^^^^^^^^^^^^^^^^
  File "/Users/ruslanalbakov/Documents/Interview/venv/lib/python3.11/site-packages/django/core/handlers/base.py", line 197, in _get_response
    response = wrapped_callback(request, *callback_args, **callback_kwargs)
               ^^^^^^^^^^^^^^^^^^^^^^^^^^^^^^^^^^^^^^^^^^^^^^^^^^^^^^^^^^^^
  File "/Users/ruslanalbakov/Documents/Interview/myproject/idea/views.py", line 17, in show_model_car
    return render(request, 'idea/index.html', {'cars': cars})
                                                       ^^^^
UnboundLocalError: cannot access local variable 'cars' where it is not associated with a value
ERROR 2023-11-18 14:35:27,062 basehttp 7300 6170456064 "POST / HTTP/1.1" 500 62008
INFO 2023-11-18 14:36:19,075 autoreload 7300 8103665344 /Users/ruslanalbakov/Documents/Interview/myproject/idea/views.py changed, reloading.
INFO 2023-11-18 14:36:19,233 autoreload 7313 8103665344 Watching for file changes with StatReloader
INFO 2023-11-18 14:36:21,350 autoreload 7313 8103665344 /Users/ruslanalbakov/Documents/Interview/myproject/idea/views.py changed, reloading.
INFO 2023-11-18 14:36:21,542 autoreload 7320 8103665344 Watching for file changes with StatReloader
INFO 2023-11-18 14:36:23,959 basehttp 7320 6161412096 "GET / HTTP/1.1" 200 15772
ERROR 2023-11-18 14:36:26,685 log 7320 6161412096 Internal Server Error: /
Traceback (most recent call last):
  File "/Users/ruslanalbakov/Documents/Interview/venv/lib/python3.11/site-packages/django/core/handlers/exception.py", line 55, in inner
    response = get_response(request)
               ^^^^^^^^^^^^^^^^^^^^^
  File "/Users/ruslanalbakov/Documents/Interview/venv/lib/python3.11/site-packages/django/core/handlers/base.py", line 197, in _get_response
    response = wrapped_callback(request, *callback_args, **callback_kwargs)
               ^^^^^^^^^^^^^^^^^^^^^^^^^^^^^^^^^^^^^^^^^^^^^^^^^^^^^^^^^^^^
  File "/Users/ruslanalbakov/Documents/Interview/myproject/idea/views.py", line 17, in show_model_car
    return render(request, 'idea/index.html', {'cars': cars.name})
                                                       ^^^^
UnboundLocalError: cannot access local variable 'cars' where it is not associated with a value
ERROR 2023-11-18 14:36:26,686 basehttp 7320 6161412096 "POST / HTTP/1.1" 500 62018
INFO 2023-11-18 14:36:37,047 autoreload 7320 8103665344 /Users/ruslanalbakov/Documents/Interview/myproject/idea/views.py changed, reloading.
INFO 2023-11-18 14:36:37,208 autoreload 7328 8103665344 Watching for file changes with StatReloader
INFO 2023-11-18 14:36:54,560 autoreload 7328 8103665344 /Users/ruslanalbakov/Documents/Interview/myproject/idea/views.py changed, reloading.
INFO 2023-11-18 14:36:54,738 autoreload 7340 8103665344 Watching for file changes with StatReloader
INFO 2023-11-18 14:36:55,894 basehttp 7340 6203273216 "GET / HTTP/1.1" 200 15772
INFO 2023-11-18 14:36:57,989 basehttp 7340 6203273216 "POST / HTTP/1.1" 200 15842
INFO 2023-11-18 14:37:13,996 basehttp 7340 6203273216 "POST / HTTP/1.1" 200 15842
INFO 2023-11-18 14:37:55,858 basehttp 7340 6203273216 "GET / HTTP/1.1" 200 30530
INFO 2023-11-18 14:38:32,719 basehttp 7340 6203273216 "GET / HTTP/1.1" 200 30534
INFO 2023-11-18 14:38:45,296 basehttp 7340 6203273216 "GET / HTTP/1.1" 200 15772
INFO 2023-11-18 14:38:48,204 views 7340 6203273216 Получили name=<CarMark: Koenigsegg>
ERROR 2023-11-18 14:38:48,234 log 7340 6203273216 Internal Server Error: /
Traceback (most recent call last):
  File "/Users/ruslanalbakov/Documents/Interview/venv/lib/python3.11/site-packages/django/core/handlers/exception.py", line 55, in inner
    response = get_response(request)
               ^^^^^^^^^^^^^^^^^^^^^
  File "/Users/ruslanalbakov/Documents/Interview/venv/lib/python3.11/site-packages/django/core/handlers/base.py", line 197, in _get_response
    response = wrapped_callback(request, *callback_args, **callback_kwargs)
               ^^^^^^^^^^^^^^^^^^^^^^^^^^^^^^^^^^^^^^^^^^^^^^^^^^^^^^^^^^^^
  File "/Users/ruslanalbakov/Documents/Interview/myproject/idea/views.py", line 18, in show_model_car
    return render(request, 'idea/index.html', {'cars': cars.name})
                                                       ^^^^^^^^^
AttributeError: 'QuerySet' object has no attribute 'name'
ERROR 2023-11-18 14:38:48,235 basehttp 7340 6203273216 "POST / HTTP/1.1" 500 62541
INFO 2023-11-18 14:39:20,201 autoreload 7340 8103665344 /Users/ruslanalbakov/Documents/Interview/myproject/idea/views.py changed, reloading.
INFO 2023-11-18 14:39:20,390 autoreload 7392 8103665344 Watching for file changes with StatReloader
INFO 2023-11-18 14:39:21,266 basehttp 7392 6194212864 "GET / HTTP/1.1" 200 15772
INFO 2023-11-18 14:39:26,367 views 7392 6194212864 Получили name=<CarMark: Thairung>
INFO 2023-11-18 14:39:26,369 basehttp 7392 6194212864 "POST / HTTP/1.1" 200 891
INFO 2023-11-18 14:40:28,722 basehttp 7392 6194212864 "GET / HTTP/1.1" 200 15776
INFO 2023-11-18 14:40:31,559 views 7392 6194212864 Получили name=<CarMark: Koenigsegg>
INFO 2023-11-18 14:40:31,561 basehttp 7392 6194212864 "POST / HTTP/1.1" 200 996
INFO 2023-11-18 14:40:55,947 autoreload 7392 8103665344 /Users/ruslanalbakov/Documents/Interview/myproject/idea/views.py changed, reloading.
INFO 2023-11-18 14:40:56,104 autoreload 7443 8103665344 Watching for file changes with StatReloader
INFO 2023-11-18 14:40:58,216 autoreload 7443 8103665344 /Users/ruslanalbakov/Documents/Interview/myproject/idea/views.py changed, reloading.
INFO 2023-11-18 14:40:58,386 autoreload 7450 8103665344 Watching for file changes with StatReloader
INFO 2023-11-18 14:41:00,482 autoreload 7450 8103665344 /Users/ruslanalbakov/Documents/Interview/myproject/idea/views.py changed, reloading.
INFO 2023-11-18 14:41:00,638 autoreload 7452 8103665344 Watching for file changes with StatReloader
INFO 2023-11-18 14:41:02,740 autoreload 7452 8103665344 /Users/ruslanalbakov/Documents/Interview/myproject/idea/views.py changed, reloading.
INFO 2023-11-18 14:41:02,898 autoreload 7458 8103665344 Watching for file changes with StatReloader
INFO 2023-11-18 14:41:06,005 autoreload 7458 8103665344 /Users/ruslanalbakov/Documents/Interview/myproject/idea/views.py changed, reloading.
INFO 2023-11-18 14:41:06,167 autoreload 7459 8103665344 Watching for file changes with StatReloader
INFO 2023-11-18 14:41:08,616 basehttp 7459 6136573952 "GET / HTTP/1.1" 200 15776
INFO 2023-11-18 14:41:11,140 views 7459 6136573952 Получили name=<CarMark: Thairung>
INFO 2023-11-18 14:41:11,169 basehttp 7459 6136573952 "POST / HTTP/1.1" 200 15797
INFO 2023-11-18 14:41:17,067 views 7459 6136573952 Получили name=<CarMark: Marussia>
INFO 2023-11-18 14:41:17,080 basehttp 7459 6136573952 "POST / HTTP/1.1" 200 15800
INFO 2023-11-18 14:41:32,795 autoreload 7459 8103665344 /Users/ruslanalbakov/Documents/Interview/myproject/idea/views.py changed, reloading.
INFO 2023-11-18 14:41:32,964 autoreload 7471 8103665344 Watching for file changes with StatReloader
INFO 2023-11-18 14:41:37,139 basehttp 7471 6131003392 "GET / HTTP/1.1" 200 15776
INFO 2023-11-18 14:42:16,158 basehttp 7471 6131003392 "GET / HTTP/1.1" 200 15776
INFO 2023-11-18 14:42:18,563 views 7471 6131003392 Получили name=<CarMark: Thairung>
INFO 2023-11-18 14:42:18,594 basehttp 7471 6131003392 "POST / HTTP/1.1" 200 15810
INFO 2023-11-18 14:42:22,241 views 7471 6131003392 Получили name=<CarMark: Marussia>
INFO 2023-11-18 14:42:22,253 basehttp 7471 6131003392 "POST / HTTP/1.1" 200 15826
INFO 2023-11-18 14:42:25,456 views 7471 6131003392 Получили name=<CarMark: Matra>
INFO 2023-11-18 14:42:25,487 basehttp 7471 6131003392 "POST / HTTP/1.1" 200 15805
INFO 2023-11-18 14:42:39,880 views 7471 6131003392 Получили name=<CarMark: Audi>
INFO 2023-11-18 14:42:39,913 basehttp 7471 6131003392 "POST / HTTP/1.1" 200 17810
INFO 2023-11-18 14:44:15,851 views 7471 6131003392 Получили name=<CarMark: Audi>
INFO 2023-11-18 14:44:15,880 basehttp 7471 6131003392 "POST / HTTP/1.1" 200 17668
INFO 2023-11-18 14:44:21,311 views 7471 6131003392 Получили name=<CarMark: Trabant>
INFO 2023-11-18 14:44:21,343 basehttp 7471 6131003392 "POST / HTTP/1.1" 200 15874
INFO 2023-11-18 14:44:37,825 basehttp 7471 6131003392 "GET / HTTP/1.1" 200 15777
INFO 2023-11-18 14:44:40,887 views 7471 6131003392 Получили name=<CarMark: Thairung>
INFO 2023-11-18 14:44:40,917 basehttp 7471 6131003392 "POST / HTTP/1.1" 200 15809
INFO 2023-11-18 14:45:00,188 basehttp 7471 6131003392 "GET / HTTP/1.1" 200 15782
INFO 2023-11-18 14:45:04,449 views 7471 6131003392 Получили name=<CarMark: Koenigsegg>
INFO 2023-11-18 14:45:04,482 basehttp 7471 6131003392 "POST / HTTP/1.1" 200 15960
INFO 2023-11-18 14:45:17,749 basehttp 7471 6131003392 "GET / HTTP/1.1" 200 15769
INFO 2023-11-18 14:45:21,460 views 7471 6131003392 Получили name=<CarMark: Marussia>
INFO 2023-11-18 14:45:21,492 basehttp 7471 6131003392 "POST / HTTP/1.1" 200 15815
INFO 2023-11-18 14:45:30,153 basehttp 7471 6147829760 "GET / HTTP/1.1" 200 15769
WARNING 2023-11-18 14:45:30,197 log 7471 6147829760 Not Found: /favicon.ico
WARNING 2023-11-18 14:45:30,197 basehttp 7471 6147829760 "GET /favicon.ico HTTP/1.1" 404 2274
INFO 2023-11-18 14:45:33,249 views 7471 6147829760 Получили name=<CarMark: Marussia>
INFO 2023-11-18 14:45:33,278 basehttp 7471 6147829760 "POST / HTTP/1.1" 200 15815
INFO 2023-11-18 14:45:36,266 views 7471 6147829760 Получили name=<CarMark: Enovate>
INFO 2023-11-18 14:45:36,281 basehttp 7471 6147829760 "POST / HTTP/1.1" 200 15793
INFO 2023-11-18 14:45:39,922 views 7471 6147829760 Получили name=<CarMark: Iveco>
INFO 2023-11-18 14:45:39,950 basehttp 7471 6147829760 "POST / HTTP/1.1" 200 15796
INFO 2023-11-18 14:46:09,592 basehttp 7471 6131003392 "GET / HTTP/1.1" 200 15769
INFO 2023-11-18 14:46:12,294 views 7471 6131003392 Получили name=<CarMark: Koenigsegg>
INFO 2023-11-18 14:46:12,325 basehttp 7471 6131003392 "POST / HTTP/1.1" 200 16241
INFO 2023-11-18 14:46:21,628 basehttp 7471 6131003392 "GET / HTTP/1.1" 200 15811
INFO 2023-11-18 14:46:24,405 views 7471 6131003392 Получили name=<CarMark: Koenigsegg>
INFO 2023-11-18 14:46:24,435 basehttp 7471 6131003392 "POST / HTTP/1.1" 200 15989
INFO 2023-11-18 14:46:47,309 basehttp 7471 6131003392 "GET / HTTP/1.1" 200 15775
INFO 2023-11-18 14:46:58,044 views 7471 6131003392 Получили name=<CarMark: Marussia>
INFO 2023-11-18 14:46:58,077 basehttp 7471 6131003392 "POST / HTTP/1.1" 200 15815
INFO 2023-11-18 14:47:44,440 views 7471 6131003392 Получили name=<CarMark: Minelli>
INFO 2023-11-18 14:47:44,473 basehttp 7471 6131003392 "POST / HTTP/1.1" 200 15797
INFO 2023-11-18 14:48:42,503 views 7471 6131003392 Получили name=<CarMark: KTM AG>
INFO 2023-11-18 14:48:42,533 basehttp 7471 6131003392 "POST / HTTP/1.1" 200 15795
INFO 2023-11-18 14:48:45,762 views 7471 6131003392 Получили name=<CarMark: KTM AG>
INFO 2023-11-18 14:48:45,792 basehttp 7471 6131003392 "POST / HTTP/1.1" 200 15795
INFO 2023-11-18 14:48:46,691 views 7471 6131003392 Получили name=<CarMark: KTM AG>
INFO 2023-11-18 14:48:46,722 basehttp 7471 6131003392 "POST / HTTP/1.1" 200 15795
INFO 2023-11-18 14:50:09,687 basehttp 7471 6131003392 "GET / HTTP/1.1" 200 15769
INFO 2023-11-18 14:50:14,034 views 7471 6131003392 Получили name=<CarMark: Thairung>
INFO 2023-11-18 14:50:14,062 basehttp 7471 6131003392 "POST / HTTP/1.1" 200 15801
INFO 2023-11-18 14:50:25,218 views 7471 6164656128 Получили name=<CarMark: Gonow>
INFO 2023-11-18 14:50:25,248 basehttp 7471 6164656128 "POST / HTTP/1.1" 200 15794
INFO 2023-11-18 15:06:26,555 autoreload 8326 8103665344 Watching for file changes with StatReloader
INFO 2023-11-18 15:06:35,930 basehttp 8326 6191165440 "GET / HTTP/1.1" 200 15764
WARNING 2023-11-18 15:06:35,981 log 8326 6191165440 Not Found: /favicon.ico
WARNING 2023-11-18 15:06:35,982 basehttp 8326 6191165440 "GET /favicon.ico HTTP/1.1" 404 2274
INFO 2023-11-18 15:06:42,784 views 8326 6191165440 Получили name=<CarMark: Renault>
INFO 2023-11-18 15:06:42,814 basehttp 8326 6191165440 "POST / HTTP/1.1" 200 17529
INFO 2023-11-18 15:06:49,071 views 8326 6191165440 Получили name=<CarMark: Delage>
INFO 2023-11-18 15:06:49,099 basehttp 8326 6191165440 "POST / HTTP/1.1" 200 15811
INFO 2023-11-18 15:07:48,305 update_autoru_catalog 8387 8103665344 200
INFO 2023-11-18 15:08:06,086 autoreload 8417 8103665344 Watching for file changes with StatReloader
INFO 2023-11-18 15:08:09,349 basehttp 8417 6135508992 "GET / HTTP/1.1" 200 15764
INFO 2023-11-18 15:08:12,178 views 8417 6135508992 Получили name=<CarMark: Koenigsegg>
INFO 2023-11-18 15:08:12,209 basehttp 8417 6135508992 "POST / HTTP/1.1" 200 15942
INFO 2023-11-18 15:09:54,961 autoreload 8458 8103665344 Watching for file changes with StatReloader
INFO 2023-11-18 15:10:02,220 basehttp 8458 6164770816 "GET / HTTP/1.1" 200 15764
INFO 2023-11-18 15:10:06,659 views 8458 6164770816 Получили name=<CarMark: KTM AG>
INFO 2023-11-18 15:10:06,689 basehttp 8458 6164770816 "POST / HTTP/1.1" 200 15790
INFO 2023-11-18 15:10:10,142 views 8458 6164770816 Получили name=<CarMark: DeLorean>
INFO 2023-11-18 15:10:10,170 basehttp 8458 6164770816 "POST / HTTP/1.1" 200 15791
INFO 2023-11-18 15:10:18,401 views 8458 6164770816 Получили name=<CarMark: Bentley>
INFO 2023-11-18 15:10:18,429 basehttp 8458 6164770816 "POST / HTTP/1.1" 200 16209
INFO 2023-11-18 15:10:34,315 basehttp 8458 6164770816 "GET / HTTP/1.1" 200 15764
INFO 2023-11-18 15:11:21,368 autoreload 8535 8103665344 Watching for file changes with StatReloader
INFO 2023-11-18 15:11:51,930 autoreload 8569 8103665344 Watching for file changes with StatReloader
INFO 2023-11-18 15:11:57,454 basehttp 8569 6162264064 "GET / HTTP/1.1" 200 15764
INFO 2023-11-18 15:12:00,813 views 8569 6162264064 Получили name=<CarMark: Renault>
INFO 2023-11-18 15:12:00,844 basehttp 8569 6162264064 "POST / HTTP/1.1" 200 17529
INFO 2023-11-18 15:12:07,108 views 8569 6162264064 Получили name=<CarMark: Delage>
INFO 2023-11-18 15:12:07,137 basehttp 8569 6162264064 "POST / HTTP/1.1" 200 15811
INFO 2023-11-18 15:13:09,848 update_autoru_catalog 8624 8103665344 200
INFO 2023-11-18 15:38:25,403 update_autoru_catalog 8868 8103665344 200
INFO 2023-11-18 15:39:59,032 update_autoru_catalog 8901 8103665344 200
INFO 2023-11-18 15:40:38,223 update_autoru_catalog 8926 8103665344 200
INFO 2023-11-18 15:40:57,075 autoreload 8948 8103665344 Watching for file changes with StatReloader
INFO 2023-11-18 15:40:59,280 basehttp 8948 6201913344 "GET / HTTP/1.1" 200 15764
INFO 2023-11-18 15:41:08,926 views 8948 6201913344 Получили name=<CarMark: HiPhi>
INFO 2023-11-18 15:41:08,957 basehttp 8948 6201913344 "POST / HTTP/1.1" 200 15830
INFO 2023-11-18 15:41:24,381 views 8948 6201913344 Получили name=<CarMark: BMW>
INFO 2023-11-18 15:41:24,413 basehttp 8948 6201913344 "POST / HTTP/1.1" 200 17389
INFO 2023-11-18 15:45:30,822 update_autoru_catalog 9011 8103665344 200
INFO 2023-11-18 15:46:17,650 update_autoru_catalog 9043 8103665344 200
INFO 2023-11-19 12:02:44,173 update_autoru_catalog 10709 8103665344 200
INFO 2023-11-19 12:04:53,856 update_autoru_catalog 10804 8103665344 200
INFO 2023-11-19 12:05:17,460 update_autoru_catalog 10831 8103665344 200
INFO 2023-11-19 12:10:03,571 update_autoru_catalog 10951 8103665344 200
INFO 2023-11-19 12:10:10,771 update_autoru_catalog 10951 8103665344 End
INFO 2023-11-19 12:11:28,209 update_autoru_catalog 10993 8103665344 200
INFO 2023-11-19 12:12:23,707 update_autoru_catalog 11025 8103665344 200
INFO 2023-11-19 12:16:36,053 update_autoru_catalog 11105 8103665344 200
INFO 2023-11-19 12:17:56,574 update_autoru_catalog 11153 8103665344 200
INFO 2023-11-19 12:18:21,922 update_autoru_catalog 11179 8103665344 200
INFO 2023-11-19 12:19:32,418 update_autoru_catalog 11220 8103665344 200
INFO 2023-11-19 12:20:41,508 update_autoru_catalog 11269 8103665344 200
INFO 2023-11-19 12:20:59,240 update_autoru_catalog 11294 8103665344 200
INFO 2023-11-19 12:21:08,896 update_autoru_catalog 11294 8103665344 End
INFO 2023-11-19 12:21:31,282 update_autoru_catalog 11322 8103665344 200
INFO 2023-11-19 12:21:51,121 update_autoru_catalog 11322 8103665344 End
INFO 2023-11-19 12:22:48,653 update_autoru_catalog 11359 8103665344 200
INFO 2023-11-19 12:23:31,767 update_autoru_catalog 11389 8103665344 200
INFO 2023-11-19 12:23:54,684 update_autoru_catalog 11411 8103665344 200
INFO 2023-11-19 12:24:03,307 update_autoru_catalog 11411 8103665344 End
INFO 2023-11-19 12:27:34,610 update_autoru_catalog 11465 8103665344 200
INFO 2023-11-19 12:27:41,768 update_autoru_catalog 11465 8103665344 End
INFO 2023-11-19 12:28:30,037 update_autoru_catalog 11510 8103665344 200
INFO 2023-11-19 12:36:43,027 update_autoru_catalog 11645 8103665344 200
INFO 2023-12-02 11:38:38,940 autoreload 5614 8153112256 Watching for file changes with StatReloader
INFO 2023-12-02 11:38:42,314 basehttp 5614 6157398016 "GET / HTTP/1.1" 200 15764
WARNING 2023-12-02 11:38:42,407 log 5614 6157398016 Not Found: /favicon.ico
WARNING 2023-12-02 11:38:42,407 basehttp 5614 6157398016 "GET /favicon.ico HTTP/1.1" 404 2274
WARNING 2023-12-02 11:38:42,407 log 5614 6174224384 Not Found: /apple-touch-icon-precomposed.png
WARNING 2023-12-02 11:38:42,408 basehttp 5614 6174224384 "GET /apple-touch-icon-precomposed.png HTTP/1.1" 404 2337
WARNING 2023-12-02 11:38:42,410 log 5614 6174224384 Not Found: /apple-touch-icon.png
WARNING 2023-12-02 11:38:42,410 basehttp 5614 6174224384 "GET /apple-touch-icon.png HTTP/1.1" 404 2301
INFO 2023-12-02 11:38:45,085 views 5614 6157398016 Получили name=<CarMark: Koenigsegg>
INFO 2023-12-02 11:38:45,123 basehttp 5614 6157398016 "POST / HTTP/1.1" 200 15942
INFO 2023-12-02 11:39:07,056 update_autoru_catalog 5645 8153112256 200
INFO 2023-12-02 11:40:26,359 update_autoru_catalog 5681 8153112256 200
INFO 2023-12-02 11:41:16,466 update_autoru_catalog 5715 8153112256 200
INFO 2023-12-02 11:43:21,556 update_autoru_catalog 5777 8153112256 200
INFO 2023-12-02 11:44:57,183 autoreload 5814 8153112256 Watching for file changes with StatReloader
INFO 2023-12-02 11:44:59,919 basehttp 5814 6156529664 "POST / HTTP/1.1" 200 16093
INFO 2023-12-02 11:45:06,447 views 5814 6156529664 Получили name=<CarMark: Marussia>
INFO 2023-12-02 11:45:06,478 basehttp 5814 6156529664 "POST / HTTP/1.1" 200 15926
INFO 2023-12-02 11:45:07,727 views 5814 6156529664 Получили name=<CarMark: Marussia>
INFO 2023-12-02 11:45:07,757 basehttp 5814 6156529664 "POST / HTTP/1.1" 200 15926
INFO 2023-12-02 11:45:10,481 views 5814 6156529664 Получили name=<CarMark: Minelli>
INFO 2023-12-02 11:45:10,511 basehttp 5814 6156529664 "POST / HTTP/1.1" 200 15926
INFO 2023-12-02 11:45:20,732 basehttp 5814 6156529664 "GET / HTTP/1.1" 200 15926
INFO 2023-12-02 11:45:22,933 views 5814 6156529664 Получили name=<CarMark: Koenigsegg>
INFO 2023-12-02 11:45:22,962 basehttp 5814 6156529664 "POST / HTTP/1.1" 200 15926
INFO 2023-12-02 11:46:17,574 autoreload 5814 8153112256 /Users/ruslanalbakov/Documents/Interview/myproject/idea/views.py changed, reloading.
INFO 2023-12-02 11:46:17,731 autoreload 5841 8153112256 Watching for file changes with StatReloader
INFO 2023-12-02 11:46:24,872 autoreload 5841 8153112256 /Users/ruslanalbakov/Documents/Interview/myproject/idea/views.py changed, reloading.
INFO 2023-12-02 11:46:25,033 autoreload 5849 8153112256 Watching for file changes with StatReloader
INFO 2023-12-02 11:46:26,136 autoreload 5849 8153112256 /Users/ruslanalbakov/Documents/Interview/myproject/idea/views.py changed, reloading.
INFO 2023-12-02 11:46:26,278 autoreload 5853 8153112256 Watching for file changes with StatReloader
INFO 2023-12-02 11:46:39,579 autoreload 5853 8153112256 /Users/ruslanalbakov/Documents/Interview/myproject/idea/views.py changed, reloading.
INFO 2023-12-02 11:46:39,752 autoreload 5860 8153112256 Watching for file changes with StatReloader
INFO 2023-12-02 11:46:42,202 views 5860 6170767360 Получили name=<CarMark: Koenigsegg>
INFO 2023-12-02 11:46:42,203 views 5860 6170767360 Получили cars=<QuerySet []>
INFO 2023-12-02 11:46:42,233 basehttp 5860 6170767360 "POST / HTTP/1.1" 200 15926
INFO 2023-12-02 11:46:44,643 basehttp 5860 6170767360 "GET / HTTP/1.1" 200 15926
INFO 2023-12-02 11:46:47,067 views 5860 6170767360 Получили name=<CarMark: Koenigsegg>
INFO 2023-12-02 11:46:47,068 views 5860 6170767360 Получили cars=<QuerySet []>
INFO 2023-12-02 11:46:47,098 basehttp 5860 6170767360 "POST / HTTP/1.1" 200 15926
INFO 2023-12-02 11:49:49,841 autoreload 5860 8153112256 /Users/ruslanalbakov/Documents/Interview/myproject/idea/views.py changed, reloading.
INFO 2023-12-02 11:49:50,005 autoreload 5943 8153112256 Watching for file changes with StatReloader
INFO 2023-12-02 11:49:54,987 views 5943 6164492288 Получили name=<CarMark: Koenigsegg>
ERROR 2023-12-02 11:49:55,011 log 5943 6164492288 Internal Server Error: /
Traceback (most recent call last):
  File "/Users/ruslanalbakov/Documents/Interview/venv/lib/python3.11/site-packages/django/core/handlers/exception.py", line 55, in inner
    response = get_response(request)
               ^^^^^^^^^^^^^^^^^^^^^
  File "/Users/ruslanalbakov/Documents/Interview/venv/lib/python3.11/site-packages/django/core/handlers/base.py", line 197, in _get_response
    response = wrapped_callback(request, *callback_args, **callback_kwargs)
               ^^^^^^^^^^^^^^^^^^^^^^^^^^^^^^^^^^^^^^^^^^^^^^^^^^^^^^^^^^^^
  File "/Users/ruslanalbakov/Documents/Interview/myproject/idea/views.py", line 16, in show_model_car
    cars = CarModel.objects.filter(carmark=name[0])
                                           ~~~~^^^
TypeError: 'CarMark' object is not subscriptable
ERROR 2023-12-02 11:49:55,011 basehttp 5943 6164492288 "POST / HTTP/1.1" 500 62820
INFO 2023-12-02 11:50:00,309 autoreload 5943 8153112256 /Users/ruslanalbakov/Documents/Interview/myproject/idea/views.py changed, reloading.
INFO 2023-12-02 11:50:00,475 autoreload 5955 8153112256 Watching for file changes with StatReloader
INFO 2023-12-02 11:50:05,627 autoreload 5955 8153112256 /Users/ruslanalbakov/Documents/Interview/myproject/idea/views.py changed, reloading.
INFO 2023-12-02 11:50:05,777 autoreload 5961 8153112256 Watching for file changes with StatReloader
INFO 2023-12-02 11:50:08,896 views 5961 6190411776 Получили Koenigsegg
INFO 2023-12-02 11:50:08,897 views 5961 6190411776 Получили cars=<QuerySet []>
INFO 2023-12-02 11:50:08,928 basehttp 5961 6190411776 "POST / HTTP/1.1" 200 15926
INFO 2023-12-02 11:50:11,211 views 5961 6190411776 Получили Mitsuoka
INFO 2023-12-02 11:50:11,212 views 5961 6190411776 Получили cars=<QuerySet []>
INFO 2023-12-02 11:50:11,244 basehttp 5961 6190411776 "POST / HTTP/1.1" 200 15926
INFO 2023-12-02 11:50:50,562 autoreload 5961 8153112256 /Users/ruslanalbakov/Documents/Interview/myproject/idea/views.py changed, reloading.
INFO 2023-12-02 11:50:50,725 autoreload 5979 8153112256 Watching for file changes with StatReloader
INFO 2023-12-02 11:50:53,115 views 5979 6157742080 Получили Mitsuoka
INFO 2023-12-02 11:50:53,117 views 5979 6157742080 Получили <QuerySet []>
INFO 2023-12-02 11:50:53,148 basehttp 5979 6157742080 "POST / HTTP/1.1" 200 15926
INFO 2023-12-02 11:51:42,771 views 5979 6157742080 Получили Thairung
INFO 2023-12-02 11:51:42,773 views 5979 6157742080 Получили <QuerySet [<CarModel: Transformer>, <CarModel: One:1>, <CarModel: Regera>, <CarModel: Agera>, <CarModel: Jesco>, <CarModel: CCX>, <CarModel: CCR>, <CarModel: CC8S>, <CarModel: B1>, <CarModel: B2>, <CarModel: Bubu Classic SSK>, <CarModel: Ryugi>, <CarModel: Le-Seyde>, <CarModel: Yuga>, <CarModel: Galue 204>, <CarModel: Viewt>, <CarModel: Zero 1>, <CarModel: Galue>, <CarModel: Ryoga>, <CarModel: Orochi>, '...(remaining elements truncated)...']>
INFO 2023-12-02 11:51:42,830 basehttp 5979 6157742080 "POST / HTTP/1.1" 200 124476
INFO 2023-12-02 11:52:56,522 update_autoru_catalog 6014 8153112256 200
INFO 2023-12-02 11:55:18,506 update_autoru_catalog 6045 8153112256 200
INFO 2023-12-02 11:55:56,969 update_autoru_catalog 6088 8153112256 200
INFO 2023-12-02 11:58:28,044 update_autoru_catalog 6126 8153112256 200
INFO 2023-12-02 12:02:37,829 update_autoru_catalog 6194 8153112256 200
INFO 2023-12-02 12:05:23,144 update_autoru_catalog 6288 8153112256 200
INFO 2023-12-02 12:11:40,683 update_autoru_catalog 6448 8153112256 200
INFO 2023-12-02 12:12:01,612 autoreload 6479 8153112256 Watching for file changes with StatReloader
INFO 2023-12-02 12:12:04,935 basehttp 6479 6192672768 "POST / HTTP/1.1" 200 16093
INFO 2023-12-02 12:12:07,041 views 6479 6192672768 Получили Thairung
INFO 2023-12-02 12:12:07,042 views 6479 6192672768 Получили <QuerySet [<CarModel: Transformer>]>
INFO 2023-12-02 12:12:07,073 basehttp 6479 6192672768 "POST / HTTP/1.1" 200 15958
INFO 2023-12-02 12:12:09,572 views 6479 6192672768 Получили Renault
INFO 2023-12-02 12:12:09,573 views 6479 6192672768 Получили <QuerySet [<CarModel: Talisman>, <CarModel: Megane>, <CarModel: 4CV>, <CarModel: Logan>, <CarModel: Austral>, <CarModel: 9>, <CarModel: Lodgy>, <CarModel: 5>, <CarModel: Kadjar>, <CarModel: Fluence>, <CarModel: 11>, <CarModel: Megane E-Tech>, <CarModel: Kaptur>, <CarModel: Clio V6>, <CarModel: Sport Spider>, <CarModel: Laguna>, <CarModel: Twizy>, <CarModel: 15>, <CarModel: Caravelle>, <CarModel: 6>, '...(remaining elements truncated)...']>
INFO 2023-12-02 12:12:09,603 basehttp 6479 6192672768 "POST / HTTP/1.1" 200 17691
INFO 2023-12-02 12:12:14,637 views 6479 6192672768 Получили Marussia
INFO 2023-12-02 12:12:14,638 views 6479 6192672768 Получили <QuerySet [<CarModel: B2>, <CarModel: B1>]>
INFO 2023-12-02 12:12:14,667 basehttp 6479 6192672768 "POST / HTTP/1.1" 200 15972
